[debug] [2025-04-30T02:48:57.759Z] ----------------------------------------------------------------------
[debug] [2025-04-30T02:48:57.763Z] Command:       C:\Program Files\nodejs\node.exe C:\Users\adesm\AppData\Roaming\npm\node_modules\firebase-tools\lib\bin\firebase.js deploy
[debug] [2025-04-30T02:48:57.764Z] CLI Version:   14.2.0
[debug] [2025-04-30T02:48:57.764Z] Platform:      win32
[debug] [2025-04-30T02:48:57.764Z] Node Version:  v22.14.0
[debug] [2025-04-30T02:48:57.765Z] Time:          Tue Apr 29 2025 22:48:57 GMT-0400 (hora de Bolivia)
[debug] [2025-04-30T02:48:57.765Z] ----------------------------------------------------------------------
[debug] 
[debug] [2025-04-30T02:48:57.774Z] >>> [apiv2][query] GET https://firebase-public.firebaseio.com/cli.json [none]
[debug] [2025-04-30T02:48:58.498Z] > command requires scopes: ["email","openid","https://www.googleapis.com/auth/cloudplatformprojects.readonly","https://www.googleapis.com/auth/firebase","https://www.googleapis.com/auth/cloud-platform"]
[debug] [2025-04-30T02:48:58.498Z] > authorizing via signed-in user (maicol.oficial.93@gmail.com)
[debug] [2025-04-30T02:48:58.499Z] [iam] checking project diplomado-univ-maicol for permissions ["firebase.projects.get","firebasehosting.sites.update"]
[debug] [2025-04-30T02:48:58.500Z] Checked if tokens are valid: false, expires at: 1745369904076
[debug] [2025-04-30T02:48:58.500Z] Checked if tokens are valid: false, expires at: 1745369904076
[debug] [2025-04-30T02:48:58.501Z] > refreshing access token with scopes: []
[debug] [2025-04-30T02:48:58.502Z] >>> [apiv2][query] POST https://www.googleapis.com/oauth2/v3/token [none]
[debug] [2025-04-30T02:48:58.503Z] >>> [apiv2][body] POST https://www.googleapis.com/oauth2/v3/token [omitted]
[debug] [2025-04-30T02:48:58.997Z] <<< [apiv2][status] GET https://firebase-public.firebaseio.com/cli.json 200
[debug] [2025-04-30T02:48:58.997Z] <<< [apiv2][body] GET https://firebase-public.firebaseio.com/cli.json {"cloudBuildErrorAfter":1594252800000,"cloudBuildWarnAfter":1590019200000,"defaultNode10After":1594252800000,"minVersion":"3.0.5","node8DeploysDisabledAfter":1613390400000,"node8RuntimeDisabledAfter":1615809600000,"node8WarnAfter":1600128000000}
[debug] [2025-04-30T02:48:59.329Z] <<< [apiv2][status] POST https://www.googleapis.com/oauth2/v3/token 200
[debug] [2025-04-30T02:48:59.330Z] <<< [apiv2][body] POST https://www.googleapis.com/oauth2/v3/token [omitted]
[debug] [2025-04-30T02:48:59.344Z] >>> [apiv2][query] POST https://cloudresourcemanager.googleapis.com/v1/projects/diplomado-univ-maicol:testIamPermissions [none]
[debug] [2025-04-30T02:48:59.344Z] >>> [apiv2][(partial)header] POST https://cloudresourcemanager.googleapis.com/v1/projects/diplomado-univ-maicol:testIamPermissions x-goog-quota-user=projects/diplomado-univ-maicol
[debug] [2025-04-30T02:48:59.344Z] >>> [apiv2][body] POST https://cloudresourcemanager.googleapis.com/v1/projects/diplomado-univ-maicol:testIamPermissions {"permissions":["firebase.projects.get","firebasehosting.sites.update"]}
